2018-02-17 15:29:57.820  INFO 4888 --- [localhost-startStop-1] o.s.web.context.ContextLoader            : Root WebApplicationContext: initialization completed in 542 ms
2018-02-17 15:29:57.880  INFO 4888 --- [localhost-startStop-1] o.s.web.context.ContextLoader            : Root WebApplicationContext: initialization completed in 596 ms
2018-02-17 15:29:58.272  INFO 4888 --- [localhost-startStop-1] o.s.web.context.ContextLoader            : Root WebApplicationContext: initialization completed in 641 ms
2018-02-17 15:29:58.853  INFO 4888 --- [restartedMain] s.w.s.m.m.a.RequestMappingHandlerAdapter : Looking for @ControllerAdvice: org.springframework.boot.context.embedded.AnnotationConfigEmbeddedWebApplicationContext@346f0c4f: startup date [Sat Feb 17 15:29:57 EAT 2018]; root of context hierarchy
2018-02-17 15:29:58.884  INFO 4888 --- [restartedMain] s.w.s.m.m.a.RequestMappingHandlerMapping : Mapped "{[/forms/edit/{id}],methods=[GET]}" onto public java.lang.String tz.co.nezatech.apps.survey.web.controller.FormController.edit(org.springframework.ui.Model,java.lang.Long)
2018-02-17 15:29:58.884  INFO 4888 --- [restartedMain] s.w.s.m.m.a.RequestMappingHandlerMapping : Mapped "{[/forms],methods=[GET]}" onto public java.lang.String tz.co.nezatech.apps.survey.web.controller.FormController.index(org.springframework.ui.Model)
2018-02-17 15:29:58.884  INFO 4888 --- [restartedMain] s.w.s.m.m.a.RequestMappingHandlerMapping : Mapped "{[/forms/delete/{id}],methods=[GET]}" onto public java.lang.String tz.co.nezatech.apps.survey.web.controller.FormController.delete(org.springframework.ui.Model,java.lang.Integer)
2018-02-17 15:29:58.884  INFO 4888 --- [restartedMain] s.w.s.m.m.a.RequestMappingHandlerMapping : Mapped "{[/forms/create],methods=[GET]}" onto public java.lang.String tz.co.nezatech.apps.survey.web.controller.FormController.create(org.springframework.ui.Model)
2018-02-17 15:29:58.885  INFO 4888 --- [restartedMain] s.w.s.m.m.a.RequestMappingHandlerMapping : Mapped "{[/forms/save],methods=[POST]}" onto public java.lang.String tz.co.nezatech.apps.survey.web.controller.FormController.save(tz.co.nezatech.apps.survey.model.Form,org.springframework.ui.Model,org.springframework.web.servlet.mvc.support.RedirectAttributes)
2018-02-17 15:29:58.885  INFO 4888 --- [restartedMain] s.w.s.m.m.a.RequestMappingHandlerMapping : Mapped "{[/forms],methods=[POST]}" onto public java.lang.String tz.co.nezatech.apps.survey.web.controller.FormController.search(org.springframework.ui.Model,java.lang.String)
2018-02-17 15:29:58.886  INFO 4888 --- [restartedMain] s.w.s.m.m.a.RequestMappingHandlerMapping : Mapped "{[/instances/repos/{formId}],methods=[POST]}" onto public java.lang.String tz.co.nezatech.apps.survey.web.controller.FormInstanceController.indexSearch(org.springframework.ui.Model,java.lang.Long,java.lang.String)
2018-02-17 15:29:58.886  INFO 4888 --- [restartedMain] s.w.s.m.m.a.RequestMappingHandlerMapping : Mapped "{[/instances/deleteall/{formId}],methods=[GET]}" onto public java.lang.String tz.co.nezatech.apps.survey.web.controller.FormInstanceController.deleteAllFromRepos(org.springframework.ui.Model,long)
2018-02-17 15:29:58.886  INFO 4888 --- [restartedMain] s.w.s.m.m.a.RequestMappingHandlerMapping : Mapped "{[/instances/repos/{formId}],methods=[GET]}" onto public java.lang.String tz.co.nezatech.apps.survey.web.controller.FormInstanceController.index(org.springframework.ui.Model,java.lang.Long)
2018-02-17 15:29:58.886  INFO 4888 --- [restartedMain] s.w.s.m.m.a.RequestMappingHandlerMapping : Mapped "{[/instances/delete/{id}],methods=[GET]}" onto public java.lang.String tz.co.nezatech.apps.survey.web.controller.FormInstanceController.delete(org.springframework.ui.Model,long)
2018-02-17 15:29:58.887  INFO 4888 --- [restartedMain] s.w.s.m.m.a.RequestMappingHandlerMapping : Mapped "{[/home],methods=[GET]}" onto public java.lang.String tz.co.nezatech.apps.survey.web.controller.Main.home(org.springframework.ui.Model)
2018-02-17 15:29:58.887  INFO 4888 --- [restartedMain] s.w.s.m.m.a.RequestMappingHandlerMapping : Mapped "{[/403],methods=[GET]}" onto public java.lang.String tz.co.nezatech.apps.survey.web.controller.Main._403()
2018-02-17 15:29:58.887  INFO 4888 --- [restartedMain] s.w.s.m.m.a.RequestMappingHandlerMapping : Mapped "{[/home],methods=[POST]}" onto public java.lang.String tz.co.nezatech.apps.survey.web.controller.Main.homePost()
2018-02-17 15:29:58.888  INFO 4888 --- [restartedMain] s.w.s.m.m.a.RequestMappingHandlerMapping : Mapped "{[/login],methods=[GET]}" onto public java.lang.String tz.co.nezatech.apps.survey.web.controller.Main.login()
2018-02-17 15:29:58.888  INFO 4888 --- [restartedMain] s.w.s.m.m.a.RequestMappingHandlerMapping : Mapped "{[/],methods=[GET]}" onto public java.lang.String tz.co.nezatech.apps.survey.web.controller.Main.index()
2018-02-17 15:29:58.889  INFO 4888 --- [restartedMain] s.w.s.m.m.a.RequestMappingHandlerMapping : Mapped "{[/permissions/edit/{id}],methods=[GET]}" onto public java.lang.String tz.co.nezatech.apps.survey.web.controller.PermissionController.edit(org.springframework.ui.Model,java.lang.Integer)
2018-02-17 15:29:58.889  INFO 4888 --- [restartedMain] s.w.s.m.m.a.RequestMappingHandlerMapping : Mapped "{[/permissions],methods=[GET]}" onto public java.lang.String tz.co.nezatech.apps.survey.web.controller.PermissionController.index(org.springframework.ui.Model)
2018-02-17 15:29:58.889  INFO 4888 --- [restartedMain] s.w.s.m.m.a.RequestMappingHandlerMapping : Mapped "{[/permissions/delete/{id}],methods=[GET]}" onto public java.lang.String tz.co.nezatech.apps.survey.web.controller.PermissionController.delete(org.springframework.ui.Model,java.lang.Integer)
2018-02-17 15:29:58.890  INFO 4888 --- [restartedMain] s.w.s.m.m.a.RequestMappingHandlerMapping : Mapped "{[/permissions/create],methods=[GET]}" onto public java.lang.String tz.co.nezatech.apps.survey.web.controller.PermissionController.create(org.springframework.ui.Model)
2018-02-17 15:29:58.890  INFO 4888 --- [restartedMain] s.w.s.m.m.a.RequestMappingHandlerMapping : Mapped "{[/permissions/save],methods=[POST]}" onto public java.lang.String tz.co.nezatech.apps.survey.web.controller.PermissionController.save(tz.co.nezatech.apps.survey.model.Permission,org.springframework.ui.Model,org.springframework.web.servlet.mvc.support.RedirectAttributes)
2018-02-17 15:29:58.890  INFO 4888 --- [restartedMain] s.w.s.m.m.a.RequestMappingHandlerMapping : Mapped "{[/permissions],methods=[POST]}" onto public java.lang.String tz.co.nezatech.apps.survey.web.controller.PermissionController.search(org.springframework.ui.Model,java.lang.String)
2018-02-17 15:29:58.892  INFO 4888 --- [restartedMain] s.w.s.m.m.a.RequestMappingHandlerMapping : Mapped "{[/roles/matrix/{id}],methods=[GET]}" onto public java.lang.String tz.co.nezatech.apps.survey.web.controller.RoleController.indexMatrix(org.springframework.ui.Model,java.lang.Long)
2018-02-17 15:29:58.892  INFO 4888 --- [restartedMain] s.w.s.m.m.a.RequestMappingHandlerMapping : Mapped "{[/roles/matrix/{id}],methods=[POST]}" onto public java.lang.String tz.co.nezatech.apps.survey.web.controller.RoleController.searchMatrix(org.springframework.ui.Model,java.lang.String,java.lang.Long)
2018-02-17 15:29:58.892  INFO 4888 --- [restartedMain] s.w.s.m.m.a.RequestMappingHandlerMapping : Mapped "{[/roles/matrix/save],methods=[POST]}" onto public java.lang.String tz.co.nezatech.apps.survey.web.controller.RoleController.saveMatrix(tz.co.nezatech.apps.survey.model.Role,org.springframework.ui.Model,org.springframework.web.servlet.mvc.support.RedirectAttributes)
2018-02-17 15:29:58.892  INFO 4888 --- [restartedMain] s.w.s.m.m.a.RequestMappingHandlerMapping : Mapped "{[/roles/edit/{id}],methods=[GET]}" onto public java.lang.String tz.co.nezatech.apps.survey.web.controller.RoleController.edit(org.springframework.ui.Model,java.lang.Long)
2018-02-17 15:29:58.892  INFO 4888 --- [restartedMain] s.w.s.m.m.a.RequestMappingHandlerMapping : Mapped "{[/roles],methods=[GET]}" onto public java.lang.String tz.co.nezatech.apps.survey.web.controller.RoleController.index(org.springframework.ui.Model)
2018-02-17 15:29:58.892  INFO 4888 --- [restartedMain] s.w.s.m.m.a.RequestMappingHandlerMapping : Mapped "{[/roles/delete/{id}],methods=[GET]}" onto public java.lang.String tz.co.nezatech.apps.survey.web.controller.RoleController.delete(org.springframework.ui.Model,java.lang.Long)
2018-02-17 15:29:58.893  INFO 4888 --- [restartedMain] s.w.s.m.m.a.RequestMappingHandlerMapping : Mapped "{[/roles/create],methods=[GET]}" onto public java.lang.String tz.co.nezatech.apps.survey.web.controller.RoleController.create(org.springframework.ui.Model)
2018-02-17 15:29:58.893  INFO 4888 --- [restartedMain] s.w.s.m.m.a.RequestMappingHandlerMapping : Mapped "{[/roles/save],methods=[POST]}" onto public java.lang.String tz.co.nezatech.apps.survey.web.controller.RoleController.save(tz.co.nezatech.apps.survey.model.Role,org.springframework.ui.Model,org.springframework.web.servlet.mvc.support.RedirectAttributes)
2018-02-17 15:29:58.893  INFO 4888 --- [restartedMain] s.w.s.m.m.a.RequestMappingHandlerMapping : Mapped "{[/roles],methods=[POST]}" onto public java.lang.String tz.co.nezatech.apps.survey.web.controller.RoleController.search(org.springframework.ui.Model,java.lang.String)
2018-02-17 15:29:58.894  INFO 4888 --- [restartedMain] s.w.s.m.m.a.RequestMappingHandlerMapping : Mapped "{[/api/forms],methods=[POST]}" onto public tz.co.nezatech.apps.util.nezadb.model.Status tz.co.nezatech.apps.survey.web.controller.SurveyController.formSubmit(tz.co.nezatech.apps.survey.web.util.DummyFormInstance,java.security.Principal,javax.servlet.http.HttpServletRequest)
2018-02-17 15:29:58.894  INFO 4888 --- [restartedMain] s.w.s.m.m.a.RequestMappingHandlerMapping : Mapped "{[/api/forms],methods=[GET]}" onto public java.util.List<tz.co.nezatech.apps.survey.model.Form> tz.co.nezatech.apps.survey.web.controller.SurveyController.forms(java.security.Principal)
2018-02-17 15:29:58.894  INFO 4888 --- [restartedMain] s.w.s.m.m.a.RequestMappingHandlerMapping : Mapped "{[/api/forms/{id}],methods=[GET]}" onto public java.lang.String tz.co.nezatech.apps.survey.web.controller.SurveyController.form(java.security.Principal,java.lang.Long)
2018-02-17 15:29:58.896  INFO 4888 --- [restartedMain] s.w.s.m.m.a.RequestMappingHandlerMapping : Mapped "{[/users/edit/{id}],methods=[GET]}" onto public java.lang.String tz.co.nezatech.apps.survey.web.controller.UserController.edit(org.springframework.ui.Model,java.lang.Long)
2018-02-17 15:29:58.896  INFO 4888 --- [restartedMain] s.w.s.m.m.a.RequestMappingHandlerMapping : Mapped "{[/users/pwdreset/{id}],methods=[GET]}" onto public java.lang.String tz.co.nezatech.apps.survey.web.controller.UserController.resetPwd(org.springframework.ui.Model,java.lang.Long,java.security.Principal,javax.servlet.http.HttpServletRequest,javax.servlet.http.HttpServletResponse)
2018-02-17 15:29:58.897  INFO 4888 --- [restartedMain] s.w.s.m.m.a.RequestMappingHandlerMapping : Mapped "{[/users/pwd/{data}],methods=[GET]}" onto public java.lang.String tz.co.nezatech.apps.survey.web.controller.UserController.verifyPwd(java.lang.String,org.springframework.ui.Model,java.security.Principal)
2018-02-17 15:29:58.897  INFO 4888 --- [restartedMain] s.w.s.m.m.a.RequestMappingHandlerMapping : Mapped "{[/users/changepwd],methods=[GET]}" onto public java.lang.String tz.co.nezatech.apps.survey.web.controller.UserController.changePwd(org.springframework.ui.Model)
2018-02-17 15:29:58.897  INFO 4888 --- [restartedMain] s.w.s.m.m.a.RequestMappingHandlerMapping : Mapped "{[/users/changepwd],methods=[POST]}" onto public java.lang.String tz.co.nezatech.apps.survey.web.controller.UserController.saveChangePwd(org.springframework.ui.Model,tz.co.nezatech.apps.survey.model.User)
2018-02-17 15:29:58.897  INFO 4888 --- [restartedMain] s.w.s.m.m.a.RequestMappingHandlerMapping : Mapped "{[/users],methods=[GET]}" onto public java.lang.String tz.co.nezatech.apps.survey.web.controller.UserController.index(org.springframework.ui.Model)
2018-02-17 15:29:58.897  INFO 4888 --- [restartedMain] s.w.s.m.m.a.RequestMappingHandlerMapping : Mapped "{[/users/delete/{id}],methods=[GET]}" onto public java.lang.String tz.co.nezatech.apps.survey.web.controller.UserController.delete(org.springframework.ui.Model,java.lang.Long)
2018-02-17 15:29:58.897  INFO 4888 --- [restartedMain] s.w.s.m.m.a.RequestMappingHandlerMapping : Mapped "{[/users/create],methods=[GET]}" onto public java.lang.String tz.co.nezatech.apps.survey.web.controller.UserController.create(org.springframework.ui.Model)
2018-02-17 15:29:58.897  INFO 4888 --- [restartedMain] s.w.s.m.m.a.RequestMappingHandlerMapping : Mapped "{[/users/save],methods=[POST]}" onto public java.lang.String tz.co.nezatech.apps.survey.web.controller.UserController.save(tz.co.nezatech.apps.survey.model.User,org.springframework.ui.Model,org.springframework.web.servlet.mvc.support.RedirectAttributes,javax.servlet.http.HttpServletRequest)
2018-02-17 15:29:58.898  INFO 4888 --- [restartedMain] s.w.s.m.m.a.RequestMappingHandlerMapping : Mapped "{[/users],methods=[POST]}" onto public java.lang.String tz.co.nezatech.apps.survey.web.controller.UserController.search(org.springframework.ui.Model,java.lang.String)
2018-02-17 15:29:58.900  INFO 4888 --- [restartedMain] s.w.s.m.m.a.RequestMappingHandlerMapping : Mapped "{[/error],produces=[text/html]}" onto public org.springframework.web.servlet.ModelAndView org.springframework.boot.autoconfigure.web.BasicErrorController.errorHtml(javax.servlet.http.HttpServletRequest,javax.servlet.http.HttpServletResponse)
2018-02-17 15:29:58.901  INFO 4888 --- [restartedMain] s.w.s.m.m.a.RequestMappingHandlerMapping : Mapped "{[/error]}" onto public org.springframework.http.ResponseEntity<java.util.Map<java.lang.String, java.lang.Object>> org.springframework.boot.autoconfigure.web.BasicErrorController.error(javax.servlet.http.HttpServletRequest)
2018-02-17 15:29:58.930  INFO 4888 --- [restartedMain] s.w.s.m.m.a.RequestMappingHandlerAdapter : Looking for @ControllerAdvice: org.springframework.boot.context.embedded.AnnotationConfigEmbeddedWebApplicationContext@4660bca8: startup date [Sat Feb 17 15:29:57 EAT 2018]; root of context hierarchy
2018-02-17 15:29:58.951  INFO 4888 --- [restartedMain] o.s.w.s.handler.SimpleUrlHandlerMapping  : Mapped URL path [/webjars/**] onto handler of type [class org.springframework.web.servlet.resource.ResourceHttpRequestHandler]
2018-02-17 15:29:58.951  INFO 4888 --- [restartedMain] o.s.w.s.handler.SimpleUrlHandlerMapping  : Mapped URL path [/**] onto handler of type [class org.springframework.web.servlet.resource.ResourceHttpRequestHandler]
2018-02-17 15:29:58.997  INFO 4888 --- [restartedMain] o.s.w.s.handler.SimpleUrlHandlerMapping  : Mapped URL path [/**/favicon.ico] onto handler of type [class org.springframework.web.servlet.resource.ResourceHttpRequestHandler]
2018-02-17 15:29:59.019  INFO 4888 --- [restartedMain] s.w.s.m.m.a.RequestMappingHandlerMapping : Mapped "{[/forms/edit/{id}],methods=[GET]}" onto public java.lang.String tz.co.nezatech.apps.survey.web.controller.FormController.edit(org.springframework.ui.Model,java.lang.Long)
2018-02-17 15:29:59.019  INFO 4888 --- [restartedMain] s.w.s.m.m.a.RequestMappingHandlerMapping : Mapped "{[/forms],methods=[GET]}" onto public java.lang.String tz.co.nezatech.apps.survey.web.controller.FormController.index(org.springframework.ui.Model)
2018-02-17 15:29:59.019  INFO 4888 --- [restartedMain] s.w.s.m.m.a.RequestMappingHandlerMapping : Mapped "{[/forms/delete/{id}],methods=[GET]}" onto public java.lang.String tz.co.nezatech.apps.survey.web.controller.FormController.delete(org.springframework.ui.Model,java.lang.Integer)
2018-02-17 15:29:59.019  INFO 4888 --- [restartedMain] s.w.s.m.m.a.RequestMappingHandlerMapping : Mapped "{[/forms/create],methods=[GET]}" onto public java.lang.String tz.co.nezatech.apps.survey.web.controller.FormController.create(org.springframework.ui.Model)
2018-02-17 15:29:59.019  INFO 4888 --- [restartedMain] s.w.s.m.m.a.RequestMappingHandlerMapping : Mapped "{[/forms/save],methods=[POST]}" onto public java.lang.String tz.co.nezatech.apps.survey.web.controller.FormController.save(tz.co.nezatech.apps.survey.model.Form,org.springframework.ui.Model,org.springframework.web.servlet.mvc.support.RedirectAttributes)
2018-02-17 15:29:59.020  INFO 4888 --- [restartedMain] s.w.s.m.m.a.RequestMappingHandlerMapping : Mapped "{[/forms],methods=[POST]}" onto public java.lang.String tz.co.nezatech.apps.survey.web.controller.FormController.search(org.springframework.ui.Model,java.lang.String)
2018-02-17 15:29:59.020  INFO 4888 --- [restartedMain] s.w.s.m.m.a.RequestMappingHandlerMapping : Mapped "{[/instances/repos/{formId}],methods=[POST]}" onto public java.lang.String tz.co.nezatech.apps.survey.web.controller.FormInstanceController.indexSearch(org.springframework.ui.Model,java.lang.Long,java.lang.String)
2018-02-17 15:29:59.021  INFO 4888 --- [restartedMain] s.w.s.m.m.a.RequestMappingHandlerMapping : Mapped "{[/instances/deleteall/{formId}],methods=[GET]}" onto public java.lang.String tz.co.nezatech.apps.survey.web.controller.FormInstanceController.deleteAllFromRepos(org.springframework.ui.Model,long)
2018-02-17 15:29:59.021  INFO 4888 --- [restartedMain] s.w.s.m.m.a.RequestMappingHandlerMapping : Mapped "{[/instances/repos/{formId}],methods=[GET]}" onto public java.lang.String tz.co.nezatech.apps.survey.web.controller.FormInstanceController.index(org.springframework.ui.Model,java.lang.Long)
2018-02-17 15:29:59.021  INFO 4888 --- [restartedMain] s.w.s.m.m.a.RequestMappingHandlerMapping : Mapped "{[/instances/delete/{id}],methods=[GET]}" onto public java.lang.String tz.co.nezatech.apps.survey.web.controller.FormInstanceController.delete(org.springframework.ui.Model,long)
2018-02-17 15:29:59.022  INFO 4888 --- [restartedMain] s.w.s.m.m.a.RequestMappingHandlerMapping : Mapped "{[/home],methods=[GET]}" onto public java.lang.String tz.co.nezatech.apps.survey.web.controller.Main.home(org.springframework.ui.Model)
2018-02-17 15:29:59.022  INFO 4888 --- [restartedMain] s.w.s.m.m.a.RequestMappingHandlerMapping : Mapped "{[/403],methods=[GET]}" onto public java.lang.String tz.co.nezatech.apps.survey.web.controller.Main._403()
2018-02-17 15:29:59.022  INFO 4888 --- [restartedMain] s.w.s.m.m.a.RequestMappingHandlerMapping : Mapped "{[/home],methods=[POST]}" onto public java.lang.String tz.co.nezatech.apps.survey.web.controller.Main.homePost()
2018-02-17 15:29:59.022  INFO 4888 --- [restartedMain] s.w.s.m.m.a.RequestMappingHandlerMapping : Mapped "{[/login],methods=[GET]}" onto public java.lang.String tz.co.nezatech.apps.survey.web.controller.Main.login()
2018-02-17 15:29:59.022  INFO 4888 --- [restartedMain] s.w.s.m.m.a.RequestMappingHandlerMapping : Mapped "{[/],methods=[GET]}" onto public java.lang.String tz.co.nezatech.apps.survey.web.controller.Main.index()
2018-02-17 15:29:59.023  INFO 4888 --- [restartedMain] s.w.s.m.m.a.RequestMappingHandlerMapping : Mapped "{[/permissions/edit/{id}],methods=[GET]}" onto public java.lang.String tz.co.nezatech.apps.survey.web.controller.PermissionController.edit(org.springframework.ui.Model,java.lang.Integer)
2018-02-17 15:29:59.023  INFO 4888 --- [restartedMain] s.w.s.m.m.a.RequestMappingHandlerMapping : Mapped "{[/permissions],methods=[GET]}" onto public java.lang.String tz.co.nezatech.apps.survey.web.controller.PermissionController.index(org.springframework.ui.Model)
2018-02-17 15:29:59.023  INFO 4888 --- [restartedMain] s.w.s.m.m.a.RequestMappingHandlerMapping : Mapped "{[/permissions/delete/{id}],methods=[GET]}" onto public java.lang.String tz.co.nezatech.apps.survey.web.controller.PermissionController.delete(org.springframework.ui.Model,java.lang.Integer)
2018-02-17 15:29:59.023  INFO 4888 --- [restartedMain] s.w.s.m.m.a.RequestMappingHandlerMapping : Mapped "{[/permissions/create],methods=[GET]}" onto public java.lang.String tz.co.nezatech.apps.survey.web.controller.PermissionController.create(org.springframework.ui.Model)
2018-02-17 15:29:59.024  INFO 4888 --- [restartedMain] s.w.s.m.m.a.RequestMappingHandlerMapping : Mapped "{[/permissions/save],methods=[POST]}" onto public java.lang.String tz.co.nezatech.apps.survey.web.controller.PermissionController.save(tz.co.nezatech.apps.survey.model.Permission,org.springframework.ui.Model,org.springframework.web.servlet.mvc.support.RedirectAttributes)
2018-02-17 15:29:59.024  INFO 4888 --- [restartedMain] s.w.s.m.m.a.RequestMappingHandlerMapping : Mapped "{[/permissions],methods=[POST]}" onto public java.lang.String tz.co.nezatech.apps.survey.web.controller.PermissionController.search(org.springframework.ui.Model,java.lang.String)
2018-02-17 15:29:59.025  INFO 4888 --- [restartedMain] s.w.s.m.m.a.RequestMappingHandlerMapping : Mapped "{[/roles/matrix/{id}],methods=[GET]}" onto public java.lang.String tz.co.nezatech.apps.survey.web.controller.RoleController.indexMatrix(org.springframework.ui.Model,java.lang.Long)
2018-02-17 15:29:59.026  INFO 4888 --- [restartedMain] s.w.s.m.m.a.RequestMappingHandlerMapping : Mapped "{[/roles/matrix/{id}],methods=[POST]}" onto public java.lang.String tz.co.nezatech.apps.survey.web.controller.RoleController.searchMatrix(org.springframework.ui.Model,java.lang.String,java.lang.Long)
2018-02-17 15:29:59.026  INFO 4888 --- [restartedMain] s.w.s.m.m.a.RequestMappingHandlerMapping : Mapped "{[/roles/matrix/save],methods=[POST]}" onto public java.lang.String tz.co.nezatech.apps.survey.web.controller.RoleController.saveMatrix(tz.co.nezatech.apps.survey.model.Role,org.springframework.ui.Model,org.springframework.web.servlet.mvc.support.RedirectAttributes)
2018-02-17 15:29:59.026  INFO 4888 --- [restartedMain] s.w.s.m.m.a.RequestMappingHandlerMapping : Mapped "{[/roles/edit/{id}],methods=[GET]}" onto public java.lang.String tz.co.nezatech.apps.survey.web.controller.RoleController.edit(org.springframework.ui.Model,java.lang.Long)
2018-02-17 15:29:59.026  INFO 4888 --- [restartedMain] s.w.s.m.m.a.RequestMappingHandlerMapping : Mapped "{[/roles],methods=[GET]}" onto public java.lang.String tz.co.nezatech.apps.survey.web.controller.RoleController.index(org.springframework.ui.Model)
2018-02-17 15:29:59.026  INFO 4888 --- [restartedMain] s.w.s.m.m.a.RequestMappingHandlerMapping : Mapped "{[/roles/delete/{id}],methods=[GET]}" onto public java.lang.String tz.co.nezatech.apps.survey.web.controller.RoleController.delete(org.springframework.ui.Model,java.lang.Long)
2018-02-17 15:29:59.027  INFO 4888 --- [restartedMain] s.w.s.m.m.a.RequestMappingHandlerMapping : Mapped "{[/roles/create],methods=[GET]}" onto public java.lang.String tz.co.nezatech.apps.survey.web.controller.RoleController.create(org.springframework.ui.Model)
2018-02-17 15:29:59.027  INFO 4888 --- [restartedMain] s.w.s.m.m.a.RequestMappingHandlerMapping : Mapped "{[/roles/save],methods=[POST]}" onto public java.lang.String tz.co.nezatech.apps.survey.web.controller.RoleController.save(tz.co.nezatech.apps.survey.model.Role,org.springframework.ui.Model,org.springframework.web.servlet.mvc.support.RedirectAttributes)
2018-02-17 15:29:59.027  INFO 4888 --- [restartedMain] s.w.s.m.m.a.RequestMappingHandlerMapping : Mapped "{[/roles],methods=[POST]}" onto public java.lang.String tz.co.nezatech.apps.survey.web.controller.RoleController.search(org.springframework.ui.Model,java.lang.String)
2018-02-17 15:29:59.028  INFO 4888 --- [restartedMain] s.w.s.m.m.a.RequestMappingHandlerMapping : Mapped "{[/api/forms],methods=[POST]}" onto public tz.co.nezatech.apps.util.nezadb.model.Status tz.co.nezatech.apps.survey.web.controller.SurveyController.formSubmit(tz.co.nezatech.apps.survey.web.util.DummyFormInstance,java.security.Principal,javax.servlet.http.HttpServletRequest)
2018-02-17 15:29:59.029  INFO 4888 --- [restartedMain] s.w.s.m.m.a.RequestMappingHandlerMapping : Mapped "{[/api/forms],methods=[GET]}" onto public java.util.List<tz.co.nezatech.apps.survey.model.Form> tz.co.nezatech.apps.survey.web.controller.SurveyController.forms(java.security.Principal)
2018-02-17 15:29:59.029  INFO 4888 --- [restartedMain] s.w.s.m.m.a.RequestMappingHandlerMapping : Mapped "{[/api/forms/{id}],methods=[GET]}" onto public java.lang.String tz.co.nezatech.apps.survey.web.controller.SurveyController.form(java.security.Principal,java.lang.Long)
2018-02-17 15:29:59.031  INFO 4888 --- [restartedMain] s.w.s.m.m.a.RequestMappingHandlerMapping : Mapped "{[/users/edit/{id}],methods=[GET]}" onto public java.lang.String tz.co.nezatech.apps.survey.web.controller.UserController.edit(org.springframework.ui.Model,java.lang.Long)
2018-02-17 15:29:59.031  INFO 4888 --- [restartedMain] s.w.s.m.m.a.RequestMappingHandlerMapping : Mapped "{[/users/pwdreset/{id}],methods=[GET]}" onto public java.lang.String tz.co.nezatech.apps.survey.web.controller.UserController.resetPwd(org.springframework.ui.Model,java.lang.Long,java.security.Principal,javax.servlet.http.HttpServletRequest,javax.servlet.http.HttpServletResponse)
2018-02-17 15:29:59.032  INFO 4888 --- [restartedMain] s.w.s.m.m.a.RequestMappingHandlerMapping : Mapped "{[/users/pwd/{data}],methods=[GET]}" onto public java.lang.String tz.co.nezatech.apps.survey.web.controller.UserController.verifyPwd(java.lang.String,org.springframework.ui.Model,java.security.Principal)
2018-02-17 15:29:59.032  INFO 4888 --- [restartedMain] s.w.s.m.m.a.RequestMappingHandlerMapping : Mapped "{[/users/changepwd],methods=[GET]}" onto public java.lang.String tz.co.nezatech.apps.survey.web.controller.UserController.changePwd(org.springframework.ui.Model)
2018-02-17 15:29:59.032  INFO 4888 --- [restartedMain] s.w.s.m.m.a.RequestMappingHandlerMapping : Mapped "{[/users/changepwd],methods=[POST]}" onto public java.lang.String tz.co.nezatech.apps.survey.web.controller.UserController.saveChangePwd(org.springframework.ui.Model,tz.co.nezatech.apps.survey.model.User)
2018-02-17 15:29:59.032  INFO 4888 --- [restartedMain] s.w.s.m.m.a.RequestMappingHandlerMapping : Mapped "{[/users],methods=[GET]}" onto public java.lang.String tz.co.nezatech.apps.survey.web.controller.UserController.index(org.springframework.ui.Model)
2018-02-17 15:29:59.032  INFO 4888 --- [restartedMain] s.w.s.m.m.a.RequestMappingHandlerMapping : Mapped "{[/users/delete/{id}],methods=[GET]}" onto public java.lang.String tz.co.nezatech.apps.survey.web.controller.UserController.delete(org.springframework.ui.Model,java.lang.Long)
2018-02-17 15:29:59.032  INFO 4888 --- [restartedMain] s.w.s.m.m.a.RequestMappingHandlerMapping : Mapped "{[/users/create],methods=[GET]}" onto public java.lang.String tz.co.nezatech.apps.survey.web.controller.UserController.create(org.springframework.ui.Model)
2018-02-17 15:29:59.033  INFO 4888 --- [restartedMain] s.w.s.m.m.a.RequestMappingHandlerMapping : Mapped "{[/users/save],methods=[POST]}" onto public java.lang.String tz.co.nezatech.apps.survey.web.controller.UserController.save(tz.co.nezatech.apps.survey.model.User,org.springframework.ui.Model,org.springframework.web.servlet.mvc.support.RedirectAttributes,javax.servlet.http.HttpServletRequest)
2018-02-17 15:29:59.033  INFO 4888 --- [restartedMain] s.w.s.m.m.a.RequestMappingHandlerMapping : Mapped "{[/users],methods=[POST]}" onto public java.lang.String tz.co.nezatech.apps.survey.web.controller.UserController.search(org.springframework.ui.Model,java.lang.String)
2018-02-17 15:29:59.036  INFO 4888 --- [restartedMain] s.w.s.m.m.a.RequestMappingHandlerMapping : Mapped "{[/error],produces=[text/html]}" onto public org.springframework.web.servlet.ModelAndView org.springframework.boot.autoconfigure.web.BasicErrorController.errorHtml(javax.servlet.http.HttpServletRequest,javax.servlet.http.HttpServletResponse)
2018-02-17 15:29:59.036  INFO 4888 --- [restartedMain] s.w.s.m.m.a.RequestMappingHandlerMapping : Mapped "{[/error]}" onto public org.springframework.http.ResponseEntity<java.util.Map<java.lang.String, java.lang.Object>> org.springframework.boot.autoconfigure.web.BasicErrorController.error(javax.servlet.http.HttpServletRequest)
2018-02-17 15:29:59.085  INFO 4888 --- [restartedMain] o.s.w.s.handler.SimpleUrlHandlerMapping  : Mapped URL path [/webjars/**] onto handler of type [class org.springframework.web.servlet.resource.ResourceHttpRequestHandler]
2018-02-17 15:29:59.085  INFO 4888 --- [restartedMain] o.s.w.s.handler.SimpleUrlHandlerMapping  : Mapped URL path [/**] onto handler of type [class org.springframework.web.servlet.resource.ResourceHttpRequestHandler]
2018-02-17 15:29:59.137  INFO 4888 --- [restartedMain] o.s.w.s.handler.SimpleUrlHandlerMapping  : Mapped URL path [/**/favicon.ico] onto handler of type [class org.springframework.web.servlet.resource.ResourceHttpRequestHandler]
2018-02-17 15:29:59.378  WARN 4888 --- [restartedMain] ationConfigEmbeddedWebApplicationContext : Exception encountered during context initialization - cancelling refresh attempt: org.springframework.beans.factory.BeanCreationException: Error creating bean with name 'springApplicationAdminRegistrar' defined in class path resource [org/springframework/boot/autoconfigure/admin/SpringApplicationAdminJmxAutoConfiguration.class]: Invocation of init method failed; nested exception is javax.management.InstanceAlreadyExistsException: org.springframework.boot:type=Admin,name=SpringApplication
2018-02-17 15:29:59.402 ERROR 4888 --- [restartedMain] o.s.boot.SpringApplication               : Application startup failed

org.springframework.beans.factory.BeanCreationException: Error creating bean with name 'springApplicationAdminRegistrar' defined in class path resource [org/springframework/boot/autoconfigure/admin/SpringApplicationAdminJmxAutoConfiguration.class]: Invocation of init method failed; nested exception is javax.management.InstanceAlreadyExistsException: org.springframework.boot:type=Admin,name=SpringApplication
	at org.springframework.beans.factory.support.AbstractAutowireCapableBeanFactory.initializeBean(AbstractAutowireCapableBeanFactory.java:1628) ~[spring-beans-4.3.13.RELEASE.jar:4.3.13.RELEASE]
	at org.springframework.beans.factory.support.AbstractAutowireCapableBeanFactory.doCreateBean(AbstractAutowireCapableBeanFactory.java:555) ~[spring-beans-4.3.13.RELEASE.jar:4.3.13.RELEASE]
	at org.springframework.beans.factory.support.AbstractAutowireCapableBeanFactory.createBean(AbstractAutowireCapableBeanFactory.java:483) ~[spring-beans-4.3.13.RELEASE.jar:4.3.13.RELEASE]
	at org.springframework.beans.factory.support.AbstractBeanFactory$1.getObject(AbstractBeanFactory.java:306) ~[spring-beans-4.3.13.RELEASE.jar:4.3.13.RELEASE]
	at org.springframework.beans.factory.support.DefaultSingletonBeanRegistry.getSingleton(DefaultSingletonBeanRegistry.java:230) ~[spring-beans-4.3.13.RELEASE.jar:4.3.13.RELEASE]
	at org.springframework.beans.factory.support.AbstractBeanFactory.doGetBean(AbstractBeanFactory.java:302) ~[spring-beans-4.3.13.RELEASE.jar:4.3.13.RELEASE]
	at org.springframework.beans.factory.support.AbstractBeanFactory.getBean(AbstractBeanFactory.java:197) ~[spring-beans-4.3.13.RELEASE.jar:4.3.13.RELEASE]
	at org.springframework.beans.factory.support.DefaultListableBeanFactory.preInstantiateSingletons(DefaultListableBeanFactory.java:761) ~[spring-beans-4.3.13.RELEASE.jar:4.3.13.RELEASE]
	at org.springframework.context.support.AbstractApplicationContext.finishBeanFactoryInitialization(AbstractApplicationContext.java:867) ~[spring-context-4.3.13.RELEASE.jar:4.3.13.RELEASE]
	at org.springframework.context.support.AbstractApplicationContext.refresh(AbstractApplicationContext.java:543) ~[spring-context-4.3.13.RELEASE.jar:4.3.13.RELEASE]
	at org.springframework.boot.context.embedded.EmbeddedWebApplicationContext.refresh(EmbeddedWebApplicationContext.java:122) ~[spring-boot-1.5.9.RELEASE.jar:1.5.9.RELEASE]
	at org.springframework.boot.SpringApplication.refresh(SpringApplication.java:693) [spring-boot-1.5.9.RELEASE.jar:1.5.9.RELEASE]
	at org.springframework.boot.SpringApplication.refreshContext(SpringApplication.java:360) [spring-boot-1.5.9.RELEASE.jar:1.5.9.RELEASE]
	at org.springframework.boot.SpringApplication.run(SpringApplication.java:303) [spring-boot-1.5.9.RELEASE.jar:1.5.9.RELEASE]
	at org.springframework.boot.SpringApplication.run(SpringApplication.java:1118) [spring-boot-1.5.9.RELEASE.jar:1.5.9.RELEASE]
	at org.springframework.boot.SpringApplication.run(SpringApplication.java:1107) [spring-boot-1.5.9.RELEASE.jar:1.5.9.RELEASE]
	at tz.co.nezatech.apps.survey.web.Application.main(Application.java:13) [classes/:na]
	at sun.reflect.NativeMethodAccessorImpl.invoke0(Native Method) ~[na:1.8.0_51]
	at sun.reflect.NativeMethodAccessorImpl.invoke(NativeMethodAccessorImpl.java:62) ~[na:1.8.0_51]
	at sun.reflect.DelegatingMethodAccessorImpl.invoke(DelegatingMethodAccessorImpl.java:43) ~[na:1.8.0_51]
	at java.lang.reflect.Method.invoke(Method.java:497) ~[na:1.8.0_51]
	at org.springframework.boot.devtools.restart.RestartLauncher.run(RestartLauncher.java:49) [spring-boot-devtools-1.5.9.RELEASE.jar:1.5.9.RELEASE]
Caused by: javax.management.InstanceAlreadyExistsException: org.springframework.boot:type=Admin,name=SpringApplication
	at com.sun.jmx.mbeanserver.Repository.addMBean(Repository.java:437) ~[na:1.8.0_51]
	at com.sun.jmx.interceptor.DefaultMBeanServerInterceptor.registerWithRepository(DefaultMBeanServerInterceptor.java:1898) ~[na:1.8.0_51]
	at com.sun.jmx.interceptor.DefaultMBeanServerInterceptor.registerDynamicMBean(DefaultMBeanServerInterceptor.java:966) ~[na:1.8.0_51]
	at com.sun.jmx.interceptor.DefaultMBeanServerInterceptor.registerObject(DefaultMBeanServerInterceptor.java:900) ~[na:1.8.0_51]
	at com.sun.jmx.interceptor.DefaultMBeanServerInterceptor.registerMBean(DefaultMBeanServerInterceptor.java:324) ~[na:1.8.0_51]
	at com.sun.jmx.mbeanserver.JmxMBeanServer.registerMBean(JmxMBeanServer.java:522) ~[na:1.8.0_51]
	at org.springframework.boot.admin.SpringApplicationAdminMXBeanRegistrar.afterPropertiesSet(SpringApplicationAdminMXBeanRegistrar.java:92) ~[spring-boot-1.5.9.RELEASE.jar:1.5.9.RELEASE]
	at org.springframework.beans.factory.support.AbstractAutowireCapableBeanFactory.invokeInitMethods(AbstractAutowireCapableBeanFactory.java:1687) ~[spring-beans-4.3.13.RELEASE.jar:4.3.13.RELEASE]
	at org.springframework.beans.factory.support.AbstractAutowireCapableBeanFactory.initializeBean(AbstractAutowireCapableBeanFactory.java:1624) ~[spring-beans-4.3.13.RELEASE.jar:4.3.13.RELEASE]
	... 21 common frames omitted

2018-02-17 15:29:59.707  INFO 4888 --- [restartedMain] s.w.s.m.m.a.RequestMappingHandlerAdapter : Looking for @ControllerAdvice: org.springframework.boot.context.embedded.AnnotationConfigEmbeddedWebApplicationContext@749c7ca9: startup date [Sat Feb 17 15:29:57 EAT 2018]; root of context hierarchy
2018-02-17 15:29:59.742  INFO 4888 --- [restartedMain] s.w.s.m.m.a.RequestMappingHandlerMapping : Mapped "{[/forms/edit/{id}],methods=[GET]}" onto public java.lang.String tz.co.nezatech.apps.survey.web.controller.FormController.edit(org.springframework.ui.Model,java.lang.Long)
2018-02-17 15:29:59.742  INFO 4888 --- [restartedMain] s.w.s.m.m.a.RequestMappingHandlerMapping : Mapped "{[/forms],methods=[GET]}" onto public java.lang.String tz.co.nezatech.apps.survey.web.controller.FormController.index(org.springframework.ui.Model)
2018-02-17 15:29:59.742  INFO 4888 --- [restartedMain] s.w.s.m.m.a.RequestMappingHandlerMapping : Mapped "{[/forms/delete/{id}],methods=[GET]}" onto public java.lang.String tz.co.nezatech.apps.survey.web.controller.FormController.delete(org.springframework.ui.Model,java.lang.Integer)
2018-02-17 15:29:59.743  INFO 4888 --- [restartedMain] s.w.s.m.m.a.RequestMappingHandlerMapping : Mapped "{[/forms/create],methods=[GET]}" onto public java.lang.String tz.co.nezatech.apps.survey.web.controller.FormController.create(org.springframework.ui.Model)
2018-02-17 15:29:59.743  INFO 4888 --- [restartedMain] s.w.s.m.m.a.RequestMappingHandlerMapping : Mapped "{[/forms/save],methods=[POST]}" onto public java.lang.String tz.co.nezatech.apps.survey.web.controller.FormController.save(tz.co.nezatech.apps.survey.model.Form,org.springframework.ui.Model,org.springframework.web.servlet.mvc.support.RedirectAttributes)
2018-02-17 15:29:59.743  INFO 4888 --- [restartedMain] s.w.s.m.m.a.RequestMappingHandlerMapping : Mapped "{[/forms],methods=[POST]}" onto public java.lang.String tz.co.nezatech.apps.survey.web.controller.FormController.search(org.springframework.ui.Model,java.lang.String)
2018-02-17 15:29:59.744  INFO 4888 --- [restartedMain] s.w.s.m.m.a.RequestMappingHandlerMapping : Mapped "{[/instances/repos/{formId}],methods=[POST]}" onto public java.lang.String tz.co.nezatech.apps.survey.web.controller.FormInstanceController.indexSearch(org.springframework.ui.Model,java.lang.Long,java.lang.String)
2018-02-17 15:29:59.744  INFO 4888 --- [restartedMain] s.w.s.m.m.a.RequestMappingHandlerMapping : Mapped "{[/instances/deleteall/{formId}],methods=[GET]}" onto public java.lang.String tz.co.nezatech.apps.survey.web.controller.FormInstanceController.deleteAllFromRepos(org.springframework.ui.Model,long)
2018-02-17 15:29:59.744  INFO 4888 --- [restartedMain] s.w.s.m.m.a.RequestMappingHandlerMapping : Mapped "{[/instances/repos/{formId}],methods=[GET]}" onto public java.lang.String tz.co.nezatech.apps.survey.web.controller.FormInstanceController.index(org.springframework.ui.Model,java.lang.Long)
2018-02-17 15:29:59.744  INFO 4888 --- [restartedMain] s.w.s.m.m.a.RequestMappingHandlerMapping : Mapped "{[/instances/delete/{id}],methods=[GET]}" onto public java.lang.String tz.co.nezatech.apps.survey.web.controller.FormInstanceController.delete(org.springframework.ui.Model,long)
2018-02-17 15:29:59.745  INFO 4888 --- [restartedMain] s.w.s.m.m.a.RequestMappingHandlerMapping : Mapped "{[/home],methods=[GET]}" onto public java.lang.String tz.co.nezatech.apps.survey.web.controller.Main.home(org.springframework.ui.Model)
2018-02-17 15:29:59.745  INFO 4888 --- [restartedMain] s.w.s.m.m.a.RequestMappingHandlerMapping : Mapped "{[/403],methods=[GET]}" onto public java.lang.String tz.co.nezatech.apps.survey.web.controller.Main._403()
2018-02-17 15:29:59.745  INFO 4888 --- [restartedMain] s.w.s.m.m.a.RequestMappingHandlerMapping : Mapped "{[/home],methods=[POST]}" onto public java.lang.String tz.co.nezatech.apps.survey.web.controller.Main.homePost()
2018-02-17 15:29:59.745  INFO 4888 --- [restartedMain] s.w.s.m.m.a.RequestMappingHandlerMapping : Mapped "{[/login],methods=[GET]}" onto public java.lang.String tz.co.nezatech.apps.survey.web.controller.Main.login()
2018-02-17 15:29:59.745  INFO 4888 --- [restartedMain] s.w.s.m.m.a.RequestMappingHandlerMapping : Mapped "{[/],methods=[GET]}" onto public java.lang.String tz.co.nezatech.apps.survey.web.controller.Main.index()
2018-02-17 15:29:59.746  INFO 4888 --- [restartedMain] s.w.s.m.m.a.RequestMappingHandlerMapping : Mapped "{[/permissions/edit/{id}],methods=[GET]}" onto public java.lang.String tz.co.nezatech.apps.survey.web.controller.PermissionController.edit(org.springframework.ui.Model,java.lang.Integer)
2018-02-17 15:29:59.747  INFO 4888 --- [restartedMain] s.w.s.m.m.a.RequestMappingHandlerMapping : Mapped "{[/permissions],methods=[GET]}" onto public java.lang.String tz.co.nezatech.apps.survey.web.controller.PermissionController.index(org.springframework.ui.Model)
2018-02-17 15:29:59.747  INFO 4888 --- [restartedMain] s.w.s.m.m.a.RequestMappingHandlerMapping : Mapped "{[/permissions/delete/{id}],methods=[GET]}" onto public java.lang.String tz.co.nezatech.apps.survey.web.controller.PermissionController.delete(org.springframework.ui.Model,java.lang.Integer)
2018-02-17 15:29:59.747  INFO 4888 --- [restartedMain] s.w.s.m.m.a.RequestMappingHandlerMapping : Mapped "{[/permissions/create],methods=[GET]}" onto public java.lang.String tz.co.nezatech.apps.survey.web.controller.PermissionController.create(org.springframework.ui.Model)
2018-02-17 15:29:59.747  INFO 4888 --- [restartedMain] s.w.s.m.m.a.RequestMappingHandlerMapping : Mapped "{[/permissions/save],methods=[POST]}" onto public java.lang.String tz.co.nezatech.apps.survey.web.controller.PermissionController.save(tz.co.nezatech.apps.survey.model.Permission,org.springframework.ui.Model,org.springframework.web.servlet.mvc.support.RedirectAttributes)
2018-02-17 15:29:59.747  INFO 4888 --- [restartedMain] s.w.s.m.m.a.RequestMappingHandlerMapping : Mapped "{[/permissions],methods=[POST]}" onto public java.lang.String tz.co.nezatech.apps.survey.web.controller.PermissionController.search(org.springframework.ui.Model,java.lang.String)
2018-02-17 15:29:59.748  INFO 4888 --- [restartedMain] s.w.s.m.m.a.RequestMappingHandlerMapping : Mapped "{[/roles/matrix/{id}],methods=[GET]}" onto public java.lang.String tz.co.nezatech.apps.survey.web.controller.RoleController.indexMatrix(org.springframework.ui.Model,java.lang.Long)
2018-02-17 15:29:59.748  INFO 4888 --- [restartedMain] s.w.s.m.m.a.RequestMappingHandlerMapping : Mapped "{[/roles/matrix/{id}],methods=[POST]}" onto public java.lang.String tz.co.nezatech.apps.survey.web.controller.RoleController.searchMatrix(org.springframework.ui.Model,java.lang.String,java.lang.Long)
2018-02-17 15:29:59.748  INFO 4888 --- [restartedMain] s.w.s.m.m.a.RequestMappingHandlerMapping : Mapped "{[/roles/matrix/save],methods=[POST]}" onto public java.lang.String tz.co.nezatech.apps.survey.web.controller.RoleController.saveMatrix(tz.co.nezatech.apps.survey.model.Role,org.springframework.ui.Model,org.springframework.web.servlet.mvc.support.RedirectAttributes)
2018-02-17 15:29:59.748  INFO 4888 --- [restartedMain] s.w.s.m.m.a.RequestMappingHandlerMapping : Mapped "{[/roles/edit/{id}],methods=[GET]}" onto public java.lang.String tz.co.nezatech.apps.survey.web.controller.RoleController.edit(org.springframework.ui.Model,java.lang.Long)
2018-02-17 15:29:59.749  INFO 4888 --- [restartedMain] s.w.s.m.m.a.RequestMappingHandlerMapping : Mapped "{[/roles],methods=[GET]}" onto public java.lang.String tz.co.nezatech.apps.survey.web.controller.RoleController.index(org.springframework.ui.Model)
2018-02-17 15:29:59.749  INFO 4888 --- [restartedMain] s.w.s.m.m.a.RequestMappingHandlerMapping : Mapped "{[/roles/delete/{id}],methods=[GET]}" onto public java.lang.String tz.co.nezatech.apps.survey.web.controller.RoleController.delete(org.springframework.ui.Model,java.lang.Long)
2018-02-17 15:29:59.749  INFO 4888 --- [restartedMain] s.w.s.m.m.a.RequestMappingHandlerMapping : Mapped "{[/roles/create],methods=[GET]}" onto public java.lang.String tz.co.nezatech.apps.survey.web.controller.RoleController.create(org.springframework.ui.Model)
2018-02-17 15:29:59.749  INFO 4888 --- [restartedMain] s.w.s.m.m.a.RequestMappingHandlerMapping : Mapped "{[/roles/save],methods=[POST]}" onto public java.lang.String tz.co.nezatech.apps.survey.web.controller.RoleController.save(tz.co.nezatech.apps.survey.model.Role,org.springframework.ui.Model,org.springframework.web.servlet.mvc.support.RedirectAttributes)
2018-02-17 15:29:59.749  INFO 4888 --- [restartedMain] s.w.s.m.m.a.RequestMappingHandlerMapping : Mapped "{[/roles],methods=[POST]}" onto public java.lang.String tz.co.nezatech.apps.survey.web.controller.RoleController.search(org.springframework.ui.Model,java.lang.String)
2018-02-17 15:29:59.749  INFO 4888 --- [restartedMain] s.w.s.m.m.a.RequestMappingHandlerMapping : Mapped "{[/api/forms],methods=[POST]}" onto public tz.co.nezatech.apps.util.nezadb.model.Status tz.co.nezatech.apps.survey.web.controller.SurveyController.formSubmit(tz.co.nezatech.apps.survey.web.util.DummyFormInstance,java.security.Principal,javax.servlet.http.HttpServletRequest)
2018-02-17 15:29:59.749  INFO 4888 --- [restartedMain] s.w.s.m.m.a.RequestMappingHandlerMapping : Mapped "{[/api/forms],methods=[GET]}" onto public java.util.List<tz.co.nezatech.apps.survey.model.Form> tz.co.nezatech.apps.survey.web.controller.SurveyController.forms(java.security.Principal)
2018-02-17 15:29:59.750  INFO 4888 --- [restartedMain] s.w.s.m.m.a.RequestMappingHandlerMapping : Mapped "{[/api/forms/{id}],methods=[GET]}" onto public java.lang.String tz.co.nezatech.apps.survey.web.controller.SurveyController.form(java.security.Principal,java.lang.Long)
2018-02-17 15:29:59.750  INFO 4888 --- [restartedMain] s.w.s.m.m.a.RequestMappingHandlerMapping : Mapped "{[/users/edit/{id}],methods=[GET]}" onto public java.lang.String tz.co.nezatech.apps.survey.web.controller.UserController.edit(org.springframework.ui.Model,java.lang.Long)
2018-02-17 15:29:59.750  INFO 4888 --- [restartedMain] s.w.s.m.m.a.RequestMappingHandlerMapping : Mapped "{[/users/pwdreset/{id}],methods=[GET]}" onto public java.lang.String tz.co.nezatech.apps.survey.web.controller.UserController.resetPwd(org.springframework.ui.Model,java.lang.Long,java.security.Principal,javax.servlet.http.HttpServletRequest,javax.servlet.http.HttpServletResponse)
2018-02-17 15:29:59.751  INFO 4888 --- [restartedMain] s.w.s.m.m.a.RequestMappingHandlerMapping : Mapped "{[/users/pwd/{data}],methods=[GET]}" onto public java.lang.String tz.co.nezatech.apps.survey.web.controller.UserController.verifyPwd(java.lang.String,org.springframework.ui.Model,java.security.Principal)
2018-02-17 15:29:59.751  INFO 4888 --- [restartedMain] s.w.s.m.m.a.RequestMappingHandlerMapping : Mapped "{[/users/changepwd],methods=[GET]}" onto public java.lang.String tz.co.nezatech.apps.survey.web.controller.UserController.changePwd(org.springframework.ui.Model)
2018-02-17 15:29:59.751  INFO 4888 --- [restartedMain] s.w.s.m.m.a.RequestMappingHandlerMapping : Mapped "{[/users/changepwd],methods=[POST]}" onto public java.lang.String tz.co.nezatech.apps.survey.web.controller.UserController.saveChangePwd(org.springframework.ui.Model,tz.co.nezatech.apps.survey.model.User)
2018-02-17 15:29:59.751  INFO 4888 --- [restartedMain] s.w.s.m.m.a.RequestMappingHandlerMapping : Mapped "{[/users],methods=[GET]}" onto public java.lang.String tz.co.nezatech.apps.survey.web.controller.UserController.index(org.springframework.ui.Model)
2018-02-17 15:29:59.751  INFO 4888 --- [restartedMain] s.w.s.m.m.a.RequestMappingHandlerMapping : Mapped "{[/users/delete/{id}],methods=[GET]}" onto public java.lang.String tz.co.nezatech.apps.survey.web.controller.UserController.delete(org.springframework.ui.Model,java.lang.Long)
2018-02-17 15:29:59.751  INFO 4888 --- [restartedMain] s.w.s.m.m.a.RequestMappingHandlerMapping : Mapped "{[/users/create],methods=[GET]}" onto public java.lang.String tz.co.nezatech.apps.survey.web.controller.UserController.create(org.springframework.ui.Model)
2018-02-17 15:29:59.751  INFO 4888 --- [restartedMain] s.w.s.m.m.a.RequestMappingHandlerMapping : Mapped "{[/users/save],methods=[POST]}" onto public java.lang.String tz.co.nezatech.apps.survey.web.controller.UserController.save(tz.co.nezatech.apps.survey.model.User,org.springframework.ui.Model,org.springframework.web.servlet.mvc.support.RedirectAttributes,javax.servlet.http.HttpServletRequest)
2018-02-17 15:29:59.751  INFO 4888 --- [restartedMain] s.w.s.m.m.a.RequestMappingHandlerMapping : Mapped "{[/users],methods=[POST]}" onto public java.lang.String tz.co.nezatech.apps.survey.web.controller.UserController.search(org.springframework.ui.Model,java.lang.String)
2018-02-17 15:29:59.752  INFO 4888 --- [restartedMain] s.w.s.m.m.a.RequestMappingHandlerMapping : Mapped "{[/error],produces=[text/html]}" onto public org.springframework.web.servlet.ModelAndView org.springframework.boot.autoconfigure.web.BasicErrorController.errorHtml(javax.servlet.http.HttpServletRequest,javax.servlet.http.HttpServletResponse)
2018-02-17 15:29:59.752  INFO 4888 --- [restartedMain] s.w.s.m.m.a.RequestMappingHandlerMapping : Mapped "{[/error]}" onto public org.springframework.http.ResponseEntity<java.util.Map<java.lang.String, java.lang.Object>> org.springframework.boot.autoconfigure.web.BasicErrorController.error(javax.servlet.http.HttpServletRequest)
2018-02-17 15:29:59.779  INFO 4888 --- [restartedMain] o.s.w.s.handler.SimpleUrlHandlerMapping  : Mapped URL path [/webjars/**] onto handler of type [class org.springframework.web.servlet.resource.ResourceHttpRequestHandler]
2018-02-17 15:29:59.779  INFO 4888 --- [restartedMain] o.s.w.s.handler.SimpleUrlHandlerMapping  : Mapped URL path [/**] onto handler of type [class org.springframework.web.servlet.resource.ResourceHttpRequestHandler]
2018-02-17 15:29:59.804  INFO 4888 --- [restartedMain] o.s.w.s.handler.SimpleUrlHandlerMapping  : Mapped URL path [/**/favicon.ico] onto handler of type [class org.springframework.web.servlet.resource.ResourceHttpRequestHandler]
2018-02-17 15:29:59.920  WARN 4888 --- [restartedMain] ationConfigEmbeddedWebApplicationContext : Exception encountered during context initialization - cancelling refresh attempt: org.springframework.beans.factory.BeanCreationException: Error creating bean with name 'springApplicationAdminRegistrar' defined in class path resource [org/springframework/boot/autoconfigure/admin/SpringApplicationAdminJmxAutoConfiguration.class]: Invocation of init method failed; nested exception is javax.management.InstanceAlreadyExistsException: org.springframework.boot:type=Admin,name=SpringApplication
2018-02-17 15:29:59.971 ERROR 4888 --- [restartedMain] o.s.boot.SpringApplication               : Application startup failed

org.springframework.beans.factory.BeanCreationException: Error creating bean with name 'springApplicationAdminRegistrar' defined in class path resource [org/springframework/boot/autoconfigure/admin/SpringApplicationAdminJmxAutoConfiguration.class]: Invocation of init method failed; nested exception is javax.management.InstanceAlreadyExistsException: org.springframework.boot:type=Admin,name=SpringApplication
	at org.springframework.beans.factory.support.AbstractAutowireCapableBeanFactory.initializeBean(AbstractAutowireCapableBeanFactory.java:1628) ~[spring-beans-4.3.13.RELEASE.jar:4.3.13.RELEASE]
	at org.springframework.beans.factory.support.AbstractAutowireCapableBeanFactory.doCreateBean(AbstractAutowireCapableBeanFactory.java:555) ~[spring-beans-4.3.13.RELEASE.jar:4.3.13.RELEASE]
	at org.springframework.beans.factory.support.AbstractAutowireCapableBeanFactory.createBean(AbstractAutowireCapableBeanFactory.java:483) ~[spring-beans-4.3.13.RELEASE.jar:4.3.13.RELEASE]
	at org.springframework.beans.factory.support.AbstractBeanFactory$1.getObject(AbstractBeanFactory.java:306) ~[spring-beans-4.3.13.RELEASE.jar:4.3.13.RELEASE]
	at org.springframework.beans.factory.support.DefaultSingletonBeanRegistry.getSingleton(DefaultSingletonBeanRegistry.java:230) ~[spring-beans-4.3.13.RELEASE.jar:4.3.13.RELEASE]
	at org.springframework.beans.factory.support.AbstractBeanFactory.doGetBean(AbstractBeanFactory.java:302) ~[spring-beans-4.3.13.RELEASE.jar:4.3.13.RELEASE]
	at org.springframework.beans.factory.support.AbstractBeanFactory.getBean(AbstractBeanFactory.java:197) ~[spring-beans-4.3.13.RELEASE.jar:4.3.13.RELEASE]
	at org.springframework.beans.factory.support.DefaultListableBeanFactory.preInstantiateSingletons(DefaultListableBeanFactory.java:761) ~[spring-beans-4.3.13.RELEASE.jar:4.3.13.RELEASE]
	at org.springframework.context.support.AbstractApplicationContext.finishBeanFactoryInitialization(AbstractApplicationContext.java:867) ~[spring-context-4.3.13.RELEASE.jar:4.3.13.RELEASE]
	at org.springframework.context.support.AbstractApplicationContext.refresh(AbstractApplicationContext.java:543) ~[spring-context-4.3.13.RELEASE.jar:4.3.13.RELEASE]
	at org.springframework.boot.context.embedded.EmbeddedWebApplicationContext.refresh(EmbeddedWebApplicationContext.java:122) ~[spring-boot-1.5.9.RELEASE.jar:1.5.9.RELEASE]
	at org.springframework.boot.SpringApplication.refresh(SpringApplication.java:693) [spring-boot-1.5.9.RELEASE.jar:1.5.9.RELEASE]
	at org.springframework.boot.SpringApplication.refreshContext(SpringApplication.java:360) [spring-boot-1.5.9.RELEASE.jar:1.5.9.RELEASE]
	at org.springframework.boot.SpringApplication.run(SpringApplication.java:303) [spring-boot-1.5.9.RELEASE.jar:1.5.9.RELEASE]
	at org.springframework.boot.SpringApplication.run(SpringApplication.java:1118) [spring-boot-1.5.9.RELEASE.jar:1.5.9.RELEASE]
	at org.springframework.boot.SpringApplication.run(SpringApplication.java:1107) [spring-boot-1.5.9.RELEASE.jar:1.5.9.RELEASE]
	at tz.co.nezatech.apps.survey.web.Application.main(Application.java:13) [classes/:na]
	at sun.reflect.NativeMethodAccessorImpl.invoke0(Native Method) ~[na:1.8.0_51]
	at sun.reflect.NativeMethodAccessorImpl.invoke(NativeMethodAccessorImpl.java:62) ~[na:1.8.0_51]
	at sun.reflect.DelegatingMethodAccessorImpl.invoke(DelegatingMethodAccessorImpl.java:43) ~[na:1.8.0_51]
	at java.lang.reflect.Method.invoke(Method.java:497) ~[na:1.8.0_51]
	at org.springframework.boot.devtools.restart.RestartLauncher.run(RestartLauncher.java:49) [spring-boot-devtools-1.5.9.RELEASE.jar:1.5.9.RELEASE]
Caused by: javax.management.InstanceAlreadyExistsException: org.springframework.boot:type=Admin,name=SpringApplication
	at com.sun.jmx.mbeanserver.Repository.addMBean(Repository.java:437) ~[na:1.8.0_51]
	at com.sun.jmx.interceptor.DefaultMBeanServerInterceptor.registerWithRepository(DefaultMBeanServerInterceptor.java:1898) ~[na:1.8.0_51]
	at com.sun.jmx.interceptor.DefaultMBeanServerInterceptor.registerDynamicMBean(DefaultMBeanServerInterceptor.java:966) ~[na:1.8.0_51]
	at com.sun.jmx.interceptor.DefaultMBeanServerInterceptor.registerObject(DefaultMBeanServerInterceptor.java:900) ~[na:1.8.0_51]
	at com.sun.jmx.interceptor.DefaultMBeanServerInterceptor.registerMBean(DefaultMBeanServerInterceptor.java:324) ~[na:1.8.0_51]
	at com.sun.jmx.mbeanserver.JmxMBeanServer.registerMBean(JmxMBeanServer.java:522) ~[na:1.8.0_51]
	at org.springframework.boot.admin.SpringApplicationAdminMXBeanRegistrar.afterPropertiesSet(SpringApplicationAdminMXBeanRegistrar.java:92) ~[spring-boot-1.5.9.RELEASE.jar:1.5.9.RELEASE]
	at org.springframework.beans.factory.support.AbstractAutowireCapableBeanFactory.invokeInitMethods(AbstractAutowireCapableBeanFactory.java:1687) ~[spring-beans-4.3.13.RELEASE.jar:4.3.13.RELEASE]
	at org.springframework.beans.factory.support.AbstractAutowireCapableBeanFactory.initializeBean(AbstractAutowireCapableBeanFactory.java:1624) ~[spring-beans-4.3.13.RELEASE.jar:4.3.13.RELEASE]
	... 21 common frames omitted

